
*** Running vivado
    with args -log main.vds -m64 -product Vivado -mode batch -messageDb vivado.pb -notrace -source main.tcl


****** Vivado v2016.4 (64-bit)
  **** SW Build 1756540 on Mon Jan 23 19:11:23 MST 2017
  **** IP Build 1755317 on Mon Jan 23 20:30:07 MST 2017
    ** Copyright 1986-2016 Xilinx, Inc. All Rights Reserved.

source main.tcl -notrace
Command: synth_design -top main -part xc7a35tcpg236-1
Starting synth_design
Attempting to get a license for feature 'Synthesis' and/or device 'xc7a35t'
INFO: [Common 17-349] Got license for feature 'Synthesis' and/or device 'xc7a35t'
INFO: Launching helper process for spawning children vivado processes
INFO: Helper process launched with PID 9636 
---------------------------------------------------------------------------------
Starting RTL Elaboration : Time (s): cpu = 00:00:04 ; elapsed = 00:00:05 . Memory (MB): peak = 276.070 ; gain = 66.488
---------------------------------------------------------------------------------
INFO: [Synth 8-638] synthesizing module 'main' [C:/Users/Student/Desktop/30122/Bia/3.3/3.3.srcs/sources_1/new/main.vhd:26]
INFO: [Synth 8-5534] Detected attribute (* mark_debug = "true" *) [C:/Users/Student/Desktop/30122/Bia/3.3/3.3.srcs/sources_1/new/main.vhd:29]
INFO: [Synth 8-5534] Detected attribute (* mark_debug = "true" *) [C:/Users/Student/Desktop/30122/Bia/3.3/3.3.srcs/sources_1/new/main.vhd:30]
WARNING: [Synth 8-614] signal 'btn' is read in the process but is not in the sensitivity list [C:/Users/Student/Desktop/30122/Bia/3.3/3.3.srcs/sources_1/new/main.vhd:65]
ERROR: [Synth 8-426] missing choice(s) 32'b00000000000000000000000000000101 to 8'b11111111 in case statement [C:/Users/Student/Desktop/30122/Bia/3.3/3.3.srcs/sources_1/new/main.vhd:81]
ERROR: [Synth 8-285] failed synthesizing module 'main' [C:/Users/Student/Desktop/30122/Bia/3.3/3.3.srcs/sources_1/new/main.vhd:26]
---------------------------------------------------------------------------------
Finished RTL Elaboration : Time (s): cpu = 00:00:05 ; elapsed = 00:00:06 . Memory (MB): peak = 313.316 ; gain = 103.734
---------------------------------------------------------------------------------
RTL Elaboration failed
INFO: [Common 17-83] Releasing license: Synthesis
12 Infos, 1 Warnings, 0 Critical Warnings and 3 Errors encountered.
synth_design failed
ERROR: [Common 17-69] Command failed: Synthesis failed - please see the console or run log file for details
INFO: [Common 17-206] Exiting Vivado at Mon Apr 02 15:26:26 2018...
